build/Android_Qt_6_2_4_Clang_arm64_v8a-Debug/android-build/build/intermediates/manifest_merge_blame_file/release/manifest-merger-blame-release-report.txt
1<?xml version="1.0" encoding="utf-8"?>
2<manifest xmlns:android="http://schemas.android.com/apk/res/android"
3    package="com.pushnotification"
4    android:installLocation="auto"
5    android:versionCode="1"
6    android:versionName="1.0" >
7
8    <uses-sdk
9        android:minSdkVersion="23"
9-->Android_Qt_6_2_4_Clang_arm64_v8a-Debug/android-build/AndroidManifest.xml
10        android:targetSdkVersion="30" />
10-->Android_Qt_6_2_4_Clang_arm64_v8a-Debug/android-build/AndroidManifest.xml
11
12    <uses-permission android:name="android.permission.INTERNET" />
12-->Android_Qt_6_2_4_Clang_arm64_v8a-Debug/android-build/AndroidManifest.xml:3:5-66
12-->Android_Qt_6_2_4_Clang_arm64_v8a-Debug/android-build/AndroidManifest.xml:3:22-64
13    <uses-permission android:name="android.permission.WRITE_EXTERNAL_STORAGE" />
13-->Android_Qt_6_2_4_Clang_arm64_v8a-Debug/android-build/AndroidManifest.xml:4:5-80
13-->Android_Qt_6_2_4_Clang_arm64_v8a-Debug/android-build/AndroidManifest.xml:4:22-78
14    <uses-permission android:name="android.permission.ACCESS_NETWORK_STATE" />
14-->Android_Qt_6_2_4_Clang_arm64_v8a-Debug/android-build/AndroidManifest.xml:5:5-78
14-->Android_Qt_6_2_4_Clang_arm64_v8a-Debug/android-build/AndroidManifest.xml:5:22-76
15
16    <supports-screens
16-->Android_Qt_6_2_4_Clang_arm64_v8a-Debug/android-build/AndroidManifest.xml:7:5-135
17        android:anyDensity="true"
17-->Android_Qt_6_2_4_Clang_arm64_v8a-Debug/android-build/AndroidManifest.xml:7:23-48
18        android:largeScreens="true"
18-->Android_Qt_6_2_4_Clang_arm64_v8a-Debug/android-build/AndroidManifest.xml:7:49-76
19        android:normalScreens="true"
19-->Android_Qt_6_2_4_Clang_arm64_v8a-Debug/android-build/AndroidManifest.xml:7:77-105
20        android:smallScreens="true" />
20-->Android_Qt_6_2_4_Clang_arm64_v8a-Debug/android-build/AndroidManifest.xml:7:106-133
21
22    <application
22-->Android_Qt_6_2_4_Clang_arm64_v8a-Debug/android-build/AndroidManifest.xml:8:5-19:19
23        android:name="org.qtproject.qt.android.bindings.QtApplication"
23-->Android_Qt_6_2_4_Clang_arm64_v8a-Debug/android-build/AndroidManifest.xml:8:18-80
24        android:allowNativeHeapPointerTagging="false"
24-->Android_Qt_6_2_4_Clang_arm64_v8a-Debug/android-build/AndroidManifest.xml:8:227-272
25        android:extractNativeLibs="true"
25-->Android_Qt_6_2_4_Clang_arm64_v8a-Debug/android-build/AndroidManifest.xml:8:81-113
26        android:hardwareAccelerated="true"
26-->Android_Qt_6_2_4_Clang_arm64_v8a-Debug/android-build/AndroidManifest.xml:8:114-148
27        android:label="PushNotification2"
27-->Android_Qt_6_2_4_Clang_arm64_v8a-Debug/android-build/AndroidManifest.xml:8:149-182
28        android:requestLegacyExternalStorage="true" >
28-->Android_Qt_6_2_4_Clang_arm64_v8a-Debug/android-build/AndroidManifest.xml:8:183-226
29        <activity
29-->Android_Qt_6_2_4_Clang_arm64_v8a-Debug/android-build/AndroidManifest.xml:9:9-18:20
30            android:name="com.pushnotification.MainActivity"
30-->Android_Qt_6_2_4_Clang_arm64_v8a-Debug/android-build/AndroidManifest.xml:9:20-47
31            android:configChanges="orientation|uiMode|screenLayout|screenSize|smallestScreenSize|layoutDirection|locale|fontScale|keyboard|keyboardHidden|navigation|mcc|mnc|density"
31-->Android_Qt_6_2_4_Clang_arm64_v8a-Debug/android-build/AndroidManifest.xml:9:48-217
32            android:label="PushNotification2"
32-->Android_Qt_6_2_4_Clang_arm64_v8a-Debug/android-build/AndroidManifest.xml:9:218-251
33            android:launchMode="singleTop"
33-->Android_Qt_6_2_4_Clang_arm64_v8a-Debug/android-build/AndroidManifest.xml:9:252-282
34            android:screenOrientation="unspecified" >
34-->Android_Qt_6_2_4_Clang_arm64_v8a-Debug/android-build/AndroidManifest.xml:9:283-322
35            <intent-filter>
35-->Android_Qt_6_2_4_Clang_arm64_v8a-Debug/android-build/AndroidManifest.xml:10:13-13:29
36                <action android:name="android.intent.action.MAIN" />
36-->Android_Qt_6_2_4_Clang_arm64_v8a-Debug/android-build/AndroidManifest.xml:11:17-68
36-->Android_Qt_6_2_4_Clang_arm64_v8a-Debug/android-build/AndroidManifest.xml:11:25-66
37
38                <category android:name="android.intent.category.LAUNCHER" />
38-->Android_Qt_6_2_4_Clang_arm64_v8a-Debug/android-build/AndroidManifest.xml:12:17-76
38-->Android_Qt_6_2_4_Clang_arm64_v8a-Debug/android-build/AndroidManifest.xml:12:27-74
39            </intent-filter>
40
41            <meta-data
41-->Android_Qt_6_2_4_Clang_arm64_v8a-Debug/android-build/AndroidManifest.xml:14:13-95
42                android:name="android.app.lib_name"
42-->Android_Qt_6_2_4_Clang_arm64_v8a-Debug/android-build/AndroidManifest.xml:14:24-59
43                android:value="PushNotification2" />
43-->Android_Qt_6_2_4_Clang_arm64_v8a-Debug/android-build/AndroidManifest.xml:14:60-93
44            <meta-data
44-->Android_Qt_6_2_4_Clang_arm64_v8a-Debug/android-build/AndroidManifest.xml:15:13-79
45                android:name="android.app.arguments"
45-->Android_Qt_6_2_4_Clang_arm64_v8a-Debug/android-build/AndroidManifest.xml:15:24-60
46                android:value="" />
46-->Android_Qt_6_2_4_Clang_arm64_v8a-Debug/android-build/AndroidManifest.xml:15:61-77
47            <meta-data
47-->Android_Qt_6_2_4_Clang_arm64_v8a-Debug/android-build/AndroidManifest.xml:16:13-93
48                android:name="android.app.background_running"
48-->Android_Qt_6_2_4_Clang_arm64_v8a-Debug/android-build/AndroidManifest.xml:16:24-69
49                android:value="false" />
49-->Android_Qt_6_2_4_Clang_arm64_v8a-Debug/android-build/AndroidManifest.xml:16:70-91
50            <meta-data
50-->Android_Qt_6_2_4_Clang_arm64_v8a-Debug/android-build/AndroidManifest.xml:17:13-95
51                android:name="android.app.extract_android_style"
51-->Android_Qt_6_2_4_Clang_arm64_v8a-Debug/android-build/AndroidManifest.xml:17:24-72
52                android:value="none" />
52-->Android_Qt_6_2_4_Clang_arm64_v8a-Debug/android-build/AndroidManifest.xml:17:73-93
53        </activity>
54    </application>
55
56</manifest>